{
  "stats": {
    "suites": 1,
    "tests": 2,
    "passes": 2,
    "pending": 0,
    "failures": 0,
    "start": "2021-12-07T11:24:32.269Z",
    "end": "2021-12-07T11:24:34.484Z",
    "duration": 2215,
    "testsRegistered": 2,
    "passPercent": 100,
    "pendingPercent": 0,
    "other": 0,
    "hasOther": false,
    "skipped": 0,
    "hasSkipped": false
  },
  "results": [
    {
      "uuid": "42098710-c616-4991-b7b4-9daca1cb2843",
      "title": "",
      "fullFile": "cypress/integration/listagem.spec.js",
      "file": "cypress/integration/listagem.spec.js",
      "beforeHooks": [],
      "afterHooks": [],
      "tests": [],
      "suites": [
        {
          "uuid": "e78e9275-832a-499a-b81d-e46e828c75e4",
          "title": "Listagem",
          "fullFile": "",
          "file": "",
          "beforeHooks": [],
          "afterHooks": [],
          "tests": [
            {
              "title": "Quando nao houver cadastros, então a listagem deve estar vazia",
              "fullTitle": "Listagem Quando nao houver cadastros, então a listagem deve estar vazia",
              "timedOut": null,
              "duration": 606,
              "state": "passed",
              "speed": "fast",
              "pass": true,
              "fail": false,
              "pending": false,
              "context": null,
              "code": "cy.fixture('listagem-vazia').then(data => {\n  window.localStorage.setItem('data', JSON.stringify(data));\n});\ncy.visit('https://form-agilizei.netlify.app/listagem.html'); //Deve conter o tamanho \ncy.get('table tbody tr').should('have.length', 0);",
              "err": {},
              "uuid": "95454457-45e2-4a79-971e-41dad9dbef5a",
              "parentUUID": "e78e9275-832a-499a-b81d-e46e828c75e4",
              "isHook": false,
              "skipped": false
            },
            {
              "title": "Quando houver um ou mais cadastros, então a listagem deve exibir cada registro",
              "fullTitle": "Listagem Quando houver um ou mais cadastros, então a listagem deve exibir cada registro",
              "timedOut": null,
              "duration": 291,
              "state": "passed",
              "speed": "fast",
              "pass": true,
              "fail": false,
              "pending": false,
              "context": null,
              "code": "cy.fixture('listagem-com-itens').then(data => {\n  window.localStorage.setItem('data', JSON.stringify(data));\n});\ncy.visit('https://form-agilizei.netlify.app/listagem.html'); //Deve conter o tamanho \ncy.get('table tbody tr').should('have.length', 2);",
              "err": {},
              "uuid": "d360b324-c23f-4efe-b819-3e086eab0511",
              "parentUUID": "e78e9275-832a-499a-b81d-e46e828c75e4",
              "isHook": false,
              "skipped": false
            }
          ],
          "suites": [],
          "passes": [
            "95454457-45e2-4a79-971e-41dad9dbef5a",
            "d360b324-c23f-4efe-b819-3e086eab0511"
          ],
          "failures": [],
          "pending": [],
          "skipped": [],
          "duration": 897,
          "root": false,
          "rootEmpty": false,
          "_timeout": 2000
        }
      ],
      "passes": [],
      "failures": [],
      "pending": [],
      "skipped": [],
      "duration": 0,
      "root": true,
      "rootEmpty": true,
      "_timeout": 2000
    }
  ],
  "meta": {
    "mocha": {
      "version": "7.0.1"
    },
    "mochawesome": {
      "options": {
        "quiet": true,
        "reportFilename": "mochawesome",
        "saveHtml": false,
        "saveJson": true,
        "consoleReporter": "spec",
        "useInlineDiffs": false,
        "code": true
      },
      "version": "7.0.1"
    },
    "marge": {
      "options": {
        "id": "default",
        "reportDir": "mochawesome-report",
        "quiet": true,
        "overwrite": false,
        "html": false,
        "json": true
      },
      "version": "6.0.1"
    }
  }
}